<?xml version="1.0" encoding="UTF-8"?>
<!-- Generated by org.testng.reporters.JUnitReportReporter -->
<testsuite hostname="DESKTOP-O7RA6KT" failures="0" tests="1" name="TestNG_Day2.ParameterizedTest" time="0.009" errors="0" timestamp="2024-03-11T01:34:50 MST" skipped="0">
  <testcase classname="TestNG_Day2.ParameterizedTest" name="parameterTest" time="0.009"/>
</testsuite> <!-- TestNG_Day2.ParameterizedTest -->
