<?xml version="1.0" encoding="UTF-8"?>
<!-- Generated by org.testng.reporters.JUnitReportReporter -->
<testsuite hostname="DESKTOP-O7RA6KT" failures="0" tests="1" name="TestNG_Day1.BasicAnnotations" time="0.006" errors="0" timestamp="2024-03-10T14:58:31 MST" skipped="0">
  <testcase classname="TestNG_Day1.BasicAnnotations" name="test1" time="0.006"/>
</testsuite> <!-- TestNG_Day1.BasicAnnotations -->
